TN:
SF:C:\learn_code\tutorials\james_dice\dice\roller.js
FN:2,rolldice
FN:5,RollDiceOfPoolSize
FNF:2
FNH:2
FNDA:7,rolldice
FNDA:3,RollDiceOfPoolSize
DA:3,7
DA:6,3
DA:7,3
DA:8,7
DA:9,7
DA:11,3
DA:13,1
LF:7
LH:7
BRF:0
BRH:0
end_of_record
TN:
SF:C:\learn_code\tutorials\james_dice\game_rules\chronicles_of_darkness\rules.js
FN:2,(anonymous_0)
FN:5,(anonymous_1)
FNF:2
FNH:2
FNDA:1,(anonymous_0)
FNDA:2,(anonymous_1)
DA:3,1
DA:6,2
DA:7,2
DA:8,8
DA:9,5
DA:12,2
DA:15,1
LF:7
LH:7
BRDA:8,0,0,5
BRDA:8,0,1,3
BRF:2
BRH:2
end_of_record
